Arguments: 
  /Users/Cudilala/.nvm/versions/node/v18.15.0/bin/node /Users/Cudilala/.nvm/versions/node/v18.15.0/bin/yarn

PATH: 
  /Users/Cudilala/.rvm/gems/ruby-3.0.0/bin:/Users/Cudilala/.rvm/gems/ruby-3.0.0@global/bin:/Users/Cudilala/.rvm/rubies/ruby-3.0.0/bin:/usr/local/opt/llvm/bin:/usr/local/mysql/bin:/usr/local/opt/postgresql@15/bin:/usr/local/opt/curl/bin/:/Users/Cudilala/.nvm/versions/node/v18.15.0/bin:/opt/local/bin:/opt/local/sbin:/usr/local/bin:/System/Cryptexes/App/usr/bin:/usr/bin:/bin:/usr/sbin:/sbin:/Users/Cudilala/.cargo/bin:/Users/Cudilala/.rvm/bin

Yarn version: 
  1.22.19

Node version: 
  18.15.0

Platform: 
  darwin x64

Trace: 
  Error: https://registry.yarnpkg.com/@typescript-eslint%2fparser: ESOCKETTIMEDOUT
      at ClientRequest.<anonymous> (/Users/Cudilala/.nvm/versions/node/v18.15.0/lib/node_modules/yarn/lib/cli.js:141517:19)
      at Object.onceWrapper (node:events:627:28)
      at ClientRequest.emit (node:events:513:28)
      at TLSSocket.emitRequestTimeout (node:_http_client:848:9)
      at Object.onceWrapper (node:events:627:28)
      at TLSSocket.emit (node:events:525:35)
      at Socket._onTimeout (node:net:570:8)
      at listOnTimeout (node:internal/timers:569:17)
      at process.processTimers (node:internal/timers:512:7)

npm manifest: 
  {
  	"name": "forum",
  	"version": "0.0.1",
  	"private": true,
  	"scripts": {
  		"dev": "vite dev",
  		"build": "vite build",
  		"preview": "vite preview",
  		"check": "svelte-kit sync && svelte-check --tsconfig ./tsconfig.json",
  		"check:watch": "svelte-kit sync && svelte-check --tsconfig ./tsconfig.json --watch",
  		"lint": "prettier --plugin-search-dir . --check . && eslint .",
  		"format": "prettier --plugin-search-dir . --write ."
  	},
  	"devDependencies": {
  		"@sveltejs/adapter-auto": "^2.0.0",
  		"@sveltejs/kit": "^1.5.0",
  		"@typescript-eslint/eslint-plugin": "^5.45.0",
  		"@typescript-eslint/parser": "^5.45.0",
  		"eslint": "^8.28.0",
  		"eslint-config-prettier": "^8.5.0",
  		"eslint-plugin-svelte": "^2.26.0",
  		"prettier": "^2.8.0",
  		"prettier-plugin-svelte": "^2.8.1",
  		"svelte": "^3.54.0",
  		"svelte-check": "^3.0.1",
  		"tslib": "^2.4.1",
  		"typescript": "^5.0.0",
  		"vite": "^4.3.0"
  	},
  	"type": "module"
  }

yarn manifest: 
  No manifest

Lockfile: 
  No lockfile
